<?xml version="1.0" encoding="UTF-8"?>
<!-- Generated by org.testng.reporters.JUnitReportReporter -->
<testsuite hostname="DESKTOP-K1GI7C6" failures="0" tests="5" name="Runner.Runner_TestNG" time="24.471" errors="0" timestamp="2023-01-17T23:35:46 EST" skipped="0">
  <testcase classname="Runner.Runner_TestNG" name="runScenario" time="4.844"/>
  <system-out/>
  <testcase classname="Runner.Runner_TestNG" name="runScenario" time="5.797"/>
  <system-out/>
  <testcase classname="Runner.Runner_TestNG" name="runScenario" time="4.984"/>
  <system-out/>
  <testcase classname="Runner.Runner_TestNG" name="runScenario" time="4.402"/>
  <system-out/>
  <testcase classname="Runner.Runner_TestNG" name="runScenario" time="4.444"/>
  <system-out/>
</testsuite> <!-- Runner.Runner_TestNG -->
